1727716764751:startLoading
1727717822010:load-evenly
1727717861314:load-by-name-even
1727717951504:load-optimal
1727717973918:manage-parcels
1727718503980:manage-parcels-menu
1727719097131:showMenu
1727719103793:load-evenly
1727719130750:load-optimal
1727719146969:manage-parcels-menu
1727719155556:get-all-parcels
1727719162647:exit
1727727058105:showMenu
1727727061391:1
1727727069276:load-evenly
1727727100789:load-optimal
1727727122055:show-fullTrucks
1727727826079:showMenu
1727727835301:load-evenly
1727727861703:load-optimal
1727728752611:showMenu
1727728758859:load-evenly
1727728794824:load-optimal
1727728859587:showMenu
1727728869793:load-evenly
1727728884150:load-optimal
1727729544449:quit
1727729575531:load-optimal
1727729593013:exit
1727729884278:load-optimal
1727797154525:showMenu
1727797165146:load-evenly
1727797635882:showMenu
1727797641751:load-optimal
1727797657058:manage-parcels-menu
1727797663093:get-all-parcels
1727798746734:showMenu
1727798761122:load-evenly
1727798774366:load-optimal
1727798789684:exit
1727799082010:showMenu
1727799089854:load-evenly
1727799109887:load-optimal
1727799191983:showMenu
1727799196872:load-evenly
1727799212198:load-optimal
1727799222436:show-fullTrucks
1727800560836:showMenu
1727800567287:load-evenly
1727800594165:load-by-name-even
1727800651308:load-optimal
1727800673823:load-by-name-optimal
1727800699254:show-fullTrucks
1727800760685:manage-parcels-menu
1727800773135:get-parcel
1727800796296:get-all-parcels
1727800808778:create-parcel
1727800834687:get-all-parcels
1727800855512:delete-parcel
1727800931789:get-all-parcels
1727800943374:update-parcel
1727800975634:get-all-parcels
1727801009081:update-parcel
1727801040625:get-all-parcels
1727801849532:showMenu
1727801855806:load-optimal
1727802118692:showMenu
1727802125509:load-optimal
1727802298037:load-evenly
1727803570205:load-optimal
1727803743939:exit
1727804076462:load-evenly
1727804098481:load-optimal
1727805808657:load-evenly
1727805865143:load-by-name-optimal
1727806155614:load-evenly
1727806236548:load-optimal
1727806315186:load-evenly
1727807770694:show-fullTrucks
1727809792766:load-optimal
1727812262899:showMenu
1727812271087:manage-parcels-menu
1727812277055:create-parcel
1727812306778:load-evenly
1727812339695:load-by-name-even
1727812388740:load-optimal
1727812429176:load-by-name-optimal
1727812453870:show-fullTrucks
1727812602848:manage-parcels-menu
1727812617466:update-parcel
1727812654882:load-optimal
